                                 Started job on |	Jan 15 15:03:17
                             Started mapping on |	Jan 15 15:03:23
                                    Finished on |	Jan 15 15:03:26
       Mapping speed, Million of reads per hour |	28.22

                          Number of input reads |	23520
                      Average input read length |	150
                                    UNIQUE READS:
                   Uniquely mapped reads number |	20221
                        Uniquely mapped reads % |	85.97%
                          Average mapped length |	150.20
                       Number of splices: Total |	570
            Number of splices: Annotated (sjdb) |	536
                       Number of splices: GT/AG |	570
                       Number of splices: GC/AG |	0
                       Number of splices: AT/AC |	0
               Number of splices: Non-canonical |	0
                      Mismatch rate per base, % |	0.40%
                         Deletion rate per base |	0.01%
                        Deletion average length |	1.46
                        Insertion rate per base |	0.01%
                       Insertion average length |	1.36
                             MULTI-MAPPING READS:
        Number of reads mapped to multiple loci |	1105
             % of reads mapped to multiple loci |	4.70%
        Number of reads mapped to too many loci |	22
             % of reads mapped to too many loci |	0.09%
                                  UNMAPPED READS:
  Number of reads unmapped: too many mismatches |	0
       % of reads unmapped: too many mismatches |	0.00%
            Number of reads unmapped: too short |	2170
                 % of reads unmapped: too short |	9.23%
                Number of reads unmapped: other |	2
                     % of reads unmapped: other |	0.01%
                                  CHIMERIC READS:
                       Number of chimeric reads |	0
                            % of chimeric reads |	0.00%
